<?xml version="1.0" encoding="UTF-8"?>
<testsuite xmlns:xsi="http://www.w3.org/2001/XMLSchema-instance" xsi:noNamespaceSchemaLocation="https://maven.apache.org/surefire/maven-surefire-plugin/xsd/surefire-test-report-3.0.xsd" version="3.0" name="com.api.backend.Fonds_routier.FondsRoutierApplicationTests" time="8.74" tests="1" errors="0" skipped="0" failures="0">
  <properties>
[...]
</properties>
  <testcase name="contextLoads" classname="com.api.backend.Fonds_routier.FondsRoutierApplicationTests" time="0.594">
    <system-out><![CDATA[12:03:41.234 [main] INFO org.springframework.test.context.support.AnnotationConfigContextLoaderUtils -- Could not detect default configuration classes for test class [com.api.backend.Fonds_routier.FondsRoutierApplicationTests]: FondsRoutierApplicationTests does not declare any static, non-private, non-final, nested classes annotated with @Configuration.
12:03:41.375 [main] INFO org.springframework.boot.test.context.SpringBootTestContextBootstrapper -- Found @SpringBootConfiguration com.api.backend.Fonds_routier.FondsRoutierApplication for test class com.api.backend.Fonds_routier.FondsRoutierApplicationTests

  .   ____          _            __ _ _
 /\\ / ___'_ __ _ _(_)_ __  __ _ \ \ \ \
( ( )\___ | '_ | '_| | '_ \/ _` | \ \ \ \
 \\/  ___)| |_)| | | | | || (_| |  ) ) ) )
  '  |____| .__|_| |_|_| |_\__, | / / / /
 =========|_|==============|___/=/_/_/_/
 :: Spring Boot ::                (v3.2.3)

2024-07-15T12:03:41.992+02:00  INFO 18752 --- [           main] c.a.b.F.FondsRoutierApplicationTests     : Starting FondsRoutierApplicationTests using Java 17.0.10 with PID 18752 (started by Daren NDIZE in C:\Users\Daren NDIZE\Desktop\FR\Back end\Backend_Fonds_routier)
2024-07-15T12:03:41.992+02:00  INFO 18752 --- [           main] c.a.b.F.FondsRoutierApplicationTests     : No active profile set, falling back to 1 default profile: "default"
2024-07-15T12:03:43.239+02:00  INFO 18752 --- [           main] .s.d.r.c.RepositoryConfigurationDelegate : Bootstrapping Spring Data JPA repositories in DEFAULT mode.
2024-07-15T12:03:43.348+02:00  INFO 18752 --- [           main] .s.d.r.c.RepositoryConfigurationDelegate : Finished Spring Data repository scanning in 80 ms. Found 6 JPA repository interfaces.
2024-07-15T12:03:44.098+02:00  INFO 18752 --- [           main] o.hibernate.jpa.internal.util.LogHelper  : HHH000204: Processing PersistenceUnitInfo [name: default]
2024-07-15T12:03:44.192+02:00  INFO 18752 --- [           main] org.hibernate.Version                    : HHH000412: Hibernate ORM core version 6.4.4.Final
2024-07-15T12:03:44.270+02:00  INFO 18752 --- [           main] o.h.c.internal.RegionFactoryInitiator    : HHH000026: Second-level cache disabled
2024-07-15T12:03:44.724+02:00  INFO 18752 --- [           main] o.s.o.j.p.SpringPersistenceUnitInfo      : No LoadTimeWeaver setup: ignoring JPA class transformer
2024-07-15T12:03:44.786+02:00  INFO 18752 --- [           main] com.zaxxer.hikari.HikariDataSource       : HikariPool-1 - Starting...
2024-07-15T12:03:45.286+02:00  INFO 18752 --- [           main] com.zaxxer.hikari.pool.HikariPool        : HikariPool-1 - Added connection com.mysql.cj.jdbc.ConnectionImpl@33215ffb
2024-07-15T12:03:45.286+02:00  INFO 18752 --- [           main] com.zaxxer.hikari.HikariDataSource       : HikariPool-1 - Start completed.
2024-07-15T12:03:45.365+02:00  WARN 18752 --- [           main] org.hibernate.orm.deprecation            : HHH90000025: MySQLDialect does not need to be specified explicitly using 'hibernate.dialect' (remove the property setting and it will be selected by default)
2024-07-15T12:03:45.784+02:00  INFO 18752 --- [           main] o.hibernate.id.enhanced.TableGenerator   : HHH000398: Explicit segment value for id generator [hibernate_sequences.sequence_name] suggested; using default [default]
2024-07-15T12:03:46.878+02:00  INFO 18752 --- [           main] o.h.e.t.j.p.i.JtaPlatformInitiator       : HHH000489: No JTA platform available (set 'hibernate.transaction.jta.platform' to enable JTA platform integration)
2024-07-15T12:03:47.050+02:00  INFO 18752 --- [           main] j.LocalContainerEntityManagerFactoryBean : Initialized JPA EntityManagerFactory for persistence unit 'default'
2024-07-15T12:03:47.644+02:00  INFO 18752 --- [           main] o.s.d.j.r.query.QueryEnhancerFactory     : Hibernate is in classpath; If applicable, HQL parser will be used.
2024-07-15T12:03:48.192+02:00  WARN 18752 --- [           main] JpaBaseConfiguration$JpaWebConfiguration : spring.jpa.open-in-view is enabled by default. Therefore, database queries may be performed during view rendering. Explicitly configure spring.jpa.open-in-view to disable this warning
2024-07-15T12:03:48.598+02:00  INFO 18752 --- [           main] o.s.s.web.DefaultSecurityFilterChain     : Will secure any request with [org.springframework.security.web.session.DisableEncodeUrlFilter@2fbbdca, org.springframework.security.web.context.request.async.WebAsyncManagerIntegrationFilter@722a2ba2, org.springframework.security.web.context.SecurityContextHolderFilter@43aa9ccd, org.springframework.security.web.header.HeaderWriterFilter@74efc394, org.springframework.web.filter.CorsFilter@788cb7b0, org.springframework.security.web.authentication.logout.LogoutFilter@56ed6e17, org.springframework.security.oauth2.server.resource.web.authentication.BearerTokenAuthenticationFilter@759fe679, org.springframework.security.web.savedrequest.RequestCacheAwareFilter@708ddfd3, org.springframework.security.web.servletapi.SecurityContextHolderAwareRequestFilter@2778f3d1, org.springframework.security.web.authentication.AnonymousAuthenticationFilter@3e711e84, org.springframework.security.web.session.SessionManagementFilter@1c93f349, org.springframework.security.web.access.ExceptionTranslationFilter@5a7e0d68, org.springframework.security.web.access.intercept.AuthorizationFilter@61aaec51]
2024-07-15T12:03:48.989+02:00  INFO 18752 --- [           main] c.a.b.F.FondsRoutierApplicationTests     : Started FondsRoutierApplicationTests in 7.348 seconds (process running for 8.972)
]]></system-out>
  </testcase>
</testsuite>